android/app/build/intermediates/manifest_merge_blame_file/debug/manifest-merger-blame-debug-report.txt
1<?xml version="1.0" encoding="utf-8"?>
2<manifest xmlns:android="http://schemas.android.com/apk/res/android"
3    package="com.flyjoo"
4    android:versionCode="1"
5    android:versionName="1.0" >
6
7    <uses-sdk
8        android:minSdkVersion="16"
9        android:targetSdkVersion="28" />
10
11    <uses-permission android:name="android.permission.SYSTEM_ALERT_WINDOW" />
11-->src\debug\AndroidManifest.xml:5:5-77
11-->src\debug\AndroidManifest.xml:5:22-75
12    <uses-permission android:name="android.permission.INTERNET" />
12-->src\main\AndroidManifest.xml:4:5-67
12-->src\main\AndroidManifest.xml:4:22-64
13    <uses-permission android:name="android.permission.ACCESS_WIFI_STATE" />
13-->[com.facebook.flipper:flipper:0.33.1] AndroidManifest.xml:16:5-76
13-->[com.facebook.flipper:flipper:0.33.1] AndroidManifest.xml:16:22-73
14    <uses-permission android:name="android.permission.ACCESS_COARSE_LOCATION" /> <!-- Include required permissions for Google Maps API to run. -->
14-->[:react-native-maps] AndroidManifest.xml:10:5-81
14-->[:react-native-maps] AndroidManifest.xml:10:22-78
15    <uses-permission android:name="android.permission.ACCESS_NETWORK_STATE" />
15-->[com.google.android.gms:play-services-maps:17.0.0] AndroidManifest.xml:23:5-79
15-->[com.google.android.gms:play-services-maps:17.0.0] AndroidManifest.xml:23:22-76
16
17    <uses-feature
17-->[com.google.android.gms:play-services-maps:17.0.0] AndroidManifest.xml:26:5-28:35
18        android:glEsVersion="0x00020000"
18-->[com.google.android.gms:play-services-maps:17.0.0] AndroidManifest.xml:27:9-41
19        android:required="true" />
19-->[com.google.android.gms:play-services-maps:17.0.0] AndroidManifest.xml:28:9-32
20
21    <application
21-->src\main\AndroidManifest.xml:6:5-31:19
22        android:name="com.flyjoo.MainApplication"
22-->src\main\AndroidManifest.xml:7:7-38
23        android:allowBackup="false"
23-->src\main\AndroidManifest.xml:11:7-34
24        android:appComponentFactory="androidx.core.app.CoreComponentFactory"
24-->[androidx.core:core:1.1.0] AndroidManifest.xml:24:18-86
25        android:debuggable="true"
26        android:icon="@mipmap/ic_launcher"
26-->src\main\AndroidManifest.xml:9:7-41
27        android:label="@string/app_name"
27-->src\main\AndroidManifest.xml:8:7-39
28        android:roundIcon="@mipmap/ic_launcher_round"
28-->src\main\AndroidManifest.xml:10:7-52
29        android:supportsRtl="true"
29-->src\main\AndroidManifest.xml:13:7-33
30        android:theme="@style/AppTheme"
30-->src\main\AndroidManifest.xml:12:7-38
31        android:usesCleartextTraffic="true" >
31-->src\debug\AndroidManifest.xml:7:18-53
32        <activity
32-->src\main\AndroidManifest.xml:15:7-25:18
33            android:name="com.flyjoo.MainActivity"
33-->src\main\AndroidManifest.xml:16:9-37
34            android:configChanges="keyboard|keyboardHidden|orientation|screenSize|uiMode"
34-->src\main\AndroidManifest.xml:18:9-86
35            android:label="@string/app_name"
35-->src\main\AndroidManifest.xml:17:9-41
36            android:launchMode="singleTask"
36-->src\main\AndroidManifest.xml:19:9-40
37            android:windowSoftInputMode="adjustResize" >
37-->src\main\AndroidManifest.xml:20:9-51
38            <intent-filter>
38-->src\main\AndroidManifest.xml:21:9-24:25
39                <action android:name="android.intent.action.MAIN" />
39-->src\main\AndroidManifest.xml:22:13-65
39-->src\main\AndroidManifest.xml:22:21-62
40
41                <category android:name="android.intent.category.LAUNCHER" />
41-->src\main\AndroidManifest.xml:23:13-73
41-->src\main\AndroidManifest.xml:23:23-70
42            </intent-filter>
43        </activity>
44        <activity android:name="com.facebook.react.devsupport.DevSettingsActivity" />
44-->src\main\AndroidManifest.xml:26:7-84
44-->src\main\AndroidManifest.xml:26:17-81
45
46        <meta-data
46-->src\main\AndroidManifest.xml:27:8-29:63
47            android:name="com.google.android.geo.API_KEY"
47-->src\main\AndroidManifest.xml:28:6-51
48            android:value="AIzaSyAA5mZ44N7ntbx_RNL1knXcRxN25NznzYc" />
48-->src\main\AndroidManifest.xml:29:6-61
49
50        <uses-library
50-->src\main\AndroidManifest.xml:30:6-84
51            android:name="org.apache.http.legacy"
51-->src\main\AndroidManifest.xml:30:20-57
52            android:required="false" />
52-->src\main\AndroidManifest.xml:30:58-82
53
54        <provider
54-->[:react-native-webview] AndroidManifest.xml:12:9-20:20
55            android:name="com.reactnativecommunity.webview.RNCWebViewFileProvider"
55-->[:react-native-webview] AndroidManifest.xml:13:13-83
56            android:authorities="com.flyjoo.fileprovider"
56-->[:react-native-webview] AndroidManifest.xml:14:13-64
57            android:exported="false"
57-->[:react-native-webview] AndroidManifest.xml:15:13-37
58            android:grantUriPermissions="true" >
58-->[:react-native-webview] AndroidManifest.xml:16:13-47
59            <meta-data
59-->[:react-native-webview] AndroidManifest.xml:17:13-19:63
60                android:name="android.support.FILE_PROVIDER_PATHS"
60-->[:react-native-webview] AndroidManifest.xml:18:17-67
61                android:resource="@xml/file_provider_paths" />
61-->[:react-native-webview] AndroidManifest.xml:19:17-60
62        </provider>
63
64        <activity
64-->[com.google.android.gms:play-services-base:17.0.0] AndroidManifest.xml:23:9-26:75
65            android:name="com.google.android.gms.common.api.GoogleApiActivity"
65-->[com.google.android.gms:play-services-base:17.0.0] AndroidManifest.xml:24:13-79
66            android:exported="false"
66-->[com.google.android.gms:play-services-base:17.0.0] AndroidManifest.xml:25:13-37
67            android:theme="@android:style/Theme.Translucent.NoTitleBar" />
67-->[com.google.android.gms:play-services-base:17.0.0] AndroidManifest.xml:26:13-72
68
69        <meta-data
69-->[com.google.maps.android:android-maps-utils:0.5] AndroidManifest.xml:8:9-10:69
70            android:name="com.google.android.gms.version"
70-->[com.google.maps.android:android-maps-utils:0.5] AndroidManifest.xml:9:13-58
71            android:value="@integer/google_play_services_version" />
71-->[com.google.maps.android:android-maps-utils:0.5] AndroidManifest.xml:10:13-66
72    </application>
73
74</manifest>